<?xml version="1.0" encoding="UTF-8"?>
<!-- Generated by org.testng.reporters.JUnitReportReporter -->
<testsuite hostname="RogerThatTan" failures="0" tests="1" name="ui.LoginTest" time="0.010" errors="0" timestamp="2025-07-12T18:08:09 BDT" skipped="0">
  <testcase classname="ui.LoginTest" name="loginTest" time="0.010"/>
</testsuite> <!-- ui.LoginTest -->
