<?xml version="1.0" encoding="UTF-8"?>
<!-- Generated by org.testng.reporters.JUnitReportReporter -->
<testsuite hostname="RogerThatTan" failures="0" tests="3" name="ui.SkipDemoTest" time="0.012" errors="0" timestamp="2025-07-12T18:39:32 BDT" skipped="3">
  <testcase classname="ui.SkipDemoTest" name="skipTest2" time="0.010">
    <skipped/>
  </testcase> <!-- skipTest2 -->
  <testcase classname="ui.SkipDemoTest" name="skipTest3" time="0.002">
    <skipped/>
  </testcase> <!-- skipTest3 -->
  <testcase classname="ui.SkipDemoTest" name="skipTest1">
    <skipped/>
  </testcase> <!-- skipTest1 -->
</testsuite> <!-- ui.SkipDemoTest -->
