<?xml version="1.0" encoding="UTF-8"?>
<!-- Generated by org.testng.reporters.JUnitReportReporter -->
<testsuite hostname="RogerThatTan" failures="0" tests="7" name="ui.DataProviderDemoTest" time="0.016" errors="0" timestamp="2025-07-12T21:49:31 BDT" skipped="0">
  <testcase classname="ui.DataProviderDemoTest" name="test" time="0.001"/>
  <testcase classname="ui.DataProviderDemoTest" name="test1" time="0.003"/>
  <testcase classname="ui.DataProviderDemoTest" name="test" time="0.008"/>
  <testcase classname="ui.DataProviderDemoTest" name="test1" time="0.001"/>
  <testcase classname="ui.DataProviderDemoTest" name="test" time="0.001"/>
  <testcase classname="ui.DataProviderDemoTest" name="test1" time="0.001"/>
  <testcase classname="ui.DataProviderDemoTest" name="test" time="0.001"/>
</testsuite> <!-- ui.DataProviderDemoTest -->
