<?xml version="1.0" encoding="UTF-8"?>
<!-- Generated by org.testng.reporters.JUnitReportReporter -->
<testsuite hostname="RogerThatTan" failures="0" tests="4" name="ui.DataProviderExecution" time="6.326" errors="0" timestamp="2025-07-12T23:05:59 BDT" skipped="0">
  <testcase classname="ui.DataProviderExecution" name="test" time="1.168"/>
  <testcase classname="ui.DataProviderExecution" name="test" time="2.807"/>
  <testcase classname="ui.DataProviderExecution" name="test" time="1.154"/>
  <testcase classname="ui.DataProviderExecution" name="test" time="1.197"/>
</testsuite> <!-- ui.DataProviderExecution -->
