<?xml version="1.0" encoding="UTF-8"?>
<!-- Generated by org.testng.reporters.JUnitReportReporter -->
<testsuite hostname="RogerThatTan" failures="0" tests="2" name="ui.LoginTest" time="0.003" errors="0" timestamp="2025-07-12T21:14:38 BDT" skipped="0">
  <testcase classname="ui.LoginTest" name="loginTest" time="0.001"/>
  <testcase classname="ui.LoginTest" name="logoutTest" time="0.002"/>
</testsuite> <!-- ui.LoginTest -->
