<?xml version="1.0" encoding="UTF-8"?>
<!-- Generated by org.testng.reporters.JUnitReportReporter -->
<testsuite hostname="RogerThatTan" failures="0" tests="8" name="ui.GroupDemoTest2" time="0.005" errors="0" timestamp="2025-07-12T21:14:38 BDT" skipped="0">
  <testcase classname="ui.GroupDemoTest2" name="bTest4" time="0.000"/>
  <testcase classname="ui.GroupDemoTest2" name="bTest3" time="0.001"/>
  <testcase classname="ui.GroupDemoTest2" name="bTest3" time="0.000"/>
  <testcase classname="ui.GroupDemoTest2" name="bTest4" time="0.000"/>
  <testcase classname="ui.GroupDemoTest2" name="aTest1" time="0.001"/>
  <testcase classname="ui.GroupDemoTest2" name="aTest1" time="0.001"/>
  <testcase classname="ui.GroupDemoTest2" name="bTest2" time="0.001"/>
  <testcase classname="ui.GroupDemoTest2" name="bTest2" time="0.001"/>
</testsuite> <!-- ui.GroupDemoTest2 -->
