<?xml version="1.0" encoding="UTF-8"?>
<!-- Generated by org.testng.reporters.JUnitReportReporter -->
<testsuite hostname="RogerThatTan" failures="0" tests="9" name="ui.DataProviderDemoTest" time="0.020" errors="0" timestamp="2025-07-12T23:26:29 BDT" skipped="0">
  <testcase classname="ui.DataProviderDemoTest" name="test1" time="0.002"/>
  <testcase classname="ui.DataProviderDemoTest" name="test" time="0.001"/>
  <testcase classname="ui.DataProviderDemoTest" name="test1" time="0.001"/>
  <testcase classname="ui.DataProviderDemoTest" name="test2" time="0.001"/>
  <testcase classname="ui.DataProviderDemoTest" name="test2" time="0.004"/>
  <testcase classname="ui.DataProviderDemoTest" name="test" time="0.008"/>
  <testcase classname="ui.DataProviderDemoTest" name="test2" time="0.000"/>
  <testcase classname="ui.DataProviderDemoTest" name="test1" time="0.001"/>
  <testcase classname="ui.DataProviderDemoTest" name="test" time="0.002"/>
</testsuite> <!-- ui.DataProviderDemoTest -->
