<?xml version="1.0" encoding="UTF-8"?>
<!-- Generated by org.testng.reporters.JUnitReportReporter -->
<testsuite hostname="RogerThatTan" failures="0" tests="4" name="ui.GroupDemoTest" time="0.004" errors="0" timestamp="2025-07-12T21:14:38 BDT" skipped="0">
  <testcase classname="ui.GroupDemoTest" name="bTest4" time="0.001"/>
  <testcase classname="ui.GroupDemoTest" name="bTest3" time="0.001"/>
  <testcase classname="ui.GroupDemoTest" name="aTest1" time="0.001"/>
  <testcase classname="ui.GroupDemoTest" name="bTest2" time="0.001"/>
</testsuite> <!-- ui.GroupDemoTest -->
